<?xml version="1.0" encoding="UTF-8"?>
<!-- Generated by org.testng.reporters.JUnitReportReporter -->
<testsuite skipped="0" hostname="Rabi-PC" name="com.demo.Demo2" tests="1" failures="0" timestamp="26 Apr 2019 05:48:29 GMT" time="14.793" errors="0">
  <testcase name="seleniumHQ" time="14.793" classname="com.demo.Demo2"/>
</testsuite> <!-- com.demo.Demo2 -->
