<?xml version="1.0" encoding="UTF-8"?>
<!-- Generated by org.testng.reporters.JUnitReportReporter -->
<testsuite skipped="0" hostname="Rabi-PC" name="com.demo.GetTittles" tests="1" failures="0" timestamp="25 Apr 2019 12:44:03 GMT" time="22.524" errors="0">
  <testcase name="seleniumHQ" time="22.524" classname="com.demo.GetTittles"/>
</testsuite> <!-- com.demo.GetTittles -->
